d:\program\download\hdt\oop\debug\vc142.pdb
d:\program\download\hdt\oop\debug\vc142.idb
d:\program\download\hdt\oop\debug\vexeoto.obj
d:\program\download\hdt\oop\debug\vexemay.obj
d:\program\download\hdt\oop\debug\vexe.obj
d:\program\download\hdt\oop\debug\thoigian.obj
d:\program\download\hdt\oop\debug\phieuguixe.obj
d:\program\download\hdt\oop\debug\nhanvien.obj
d:\program\download\hdt\oop\debug\ngay.obj
d:\program\download\hdt\oop\debug\main.obj
d:\program\download\hdt\oop\debug\danhsachxetrongben.obj
d:\program\download\hdt\oop\debug\danhsachvexe.obj
d:\program\download\hdt\oop\debug\danhsachphieuguixe.obj
d:\program\download\hdt\oop\debug\danhsachnhanvien.obj
d:\program\download\hdt\oop\debug\console.obj
d:\program\download\hdt - copy (3)\oop\debug\vc142.pdb
d:\program\download\hdt - copy (3)\oop\debug\vc142.idb
d:\program\download\hdt - copy (3)\oop\debug\vexeoto.obj
d:\program\download\hdt - copy (3)\oop\debug\vexemay.obj
d:\program\download\hdt - copy (3)\oop\debug\vexe.obj
d:\program\download\hdt - copy (3)\oop\debug\thoigian.obj
d:\program\download\hdt - copy (3)\oop\debug\phieuguixe.obj
d:\program\download\hdt - copy (3)\oop\debug\nhanvien.obj
d:\program\download\hdt - copy (3)\oop\debug\ngay.obj
d:\program\download\hdt - copy (3)\oop\debug\danhsachxetrongben.obj
d:\program\download\hdt - copy (3)\oop\debug\danhsachvexe.obj
d:\program\download\hdt - copy (3)\oop\debug\danhsachphieuguixe.obj
d:\program\download\hdt - copy (3)\oop\debug\danhsachnhanvien.obj
d:\program\download\hdt - copy (3)\oop\debug\console.obj
d:\program\download\hdt\debug\oop.exe
d:\program\download\hdt\debug\oop.ilk
d:\program\download\hdt\debug\oop.pdb
d:\program\download\hdt - copy (3)\oop\debug\main.obj
d:\program\download\hdt - copy (3)\debug\oop.pdb
d:\program\download\hdt - copy (3)\debug\oop.exe
d:\program\download\hdt - copy (3)\debug\oop.ilk
d:\program\download\hdt - copy (3)\oop\debug\oop.tlog\cl.command.1.tlog
d:\program\download\hdt - copy (3)\oop\debug\oop.tlog\cl.read.1.tlog
d:\program\download\hdt - copy (3)\oop\debug\oop.tlog\cl.write.1.tlog
d:\program\download\hdt - copy (3)\oop\debug\oop.tlog\link.command.1.tlog
d:\program\download\hdt - copy (3)\oop\debug\oop.tlog\link.read.1.tlog
d:\program\download\hdt - copy (3)\oop\debug\oop.tlog\link.write.1.tlog
