d:\doan\hdt\hdt\oop\x64\debug\vc142.pdb
d:\doan\hdt\hdt\oop\x64\debug\vc142.idb
d:\doan\hdt\hdt\oop\x64\debug\soxera.obj
d:\doan\hdt\hdt\oop\x64\debug\phieuguixe.obj
d:\doan\hdt\hdt\oop\x64\debug\nhanvien.obj
d:\doan\hdt\hdt\oop\x64\debug\ngay.obj
d:\doan\hdt\hdt\oop\x64\debug\main.obj
d:\doan\hdt\hdt\oop\x64\debug\lichsuthaydoigiave.obj
d:\doan\hdt\hdt\oop\x64\debug\giatien.obj
d:\doan\hdt\hdt\oop\x64\debug\giaiquyetsuco.obj
d:\doan\hdt\hdt\oop\x64\debug\ds_lichsugiave.obj
d:\doan\hdt\hdt\oop\x64\debug\danhsachxetrongben.obj
d:\doan\hdt\hdt\oop\x64\debug\danhsachvexe.obj
d:\doan\hdt\hdt\oop\x64\debug\danhsachthebixoa.obj
d:\doan\hdt\hdt\oop\x64\debug\danhsachsuco.obj
d:\doan\hdt\hdt\oop\x64\debug\danhsachphieuguixe.obj
d:\doan\hdt\hdt\oop\x64\debug\danhsachnhanvien.obj
d:\doan\hdt\hdt\oop\x64\debug\danhsachgiaiquyetsuco.obj
d:\doan\hdt\hdt\oop\x64\debug\danhsachctbb.obj
d:\doan\hdt\hdt\oop\x64\debug\console.obj
d:\doan\hdt\hdt\oop\x64\debug\chitietbienban.obj
d:\doan\hdt\hdt\oop\x64\debug\banggia.obj
d:\doan\hdt\hdt\oop\x64\debug\vexeoto.obj
d:\doan\hdt\hdt\oop\x64\debug\vexemay.obj
d:\doan\hdt\hdt\oop\x64\debug\vexe.obj
d:\doan\hdt\hdt\oop\x64\debug\tt_soxera.obj
d:\doan\hdt\hdt\oop\x64\debug\timkiem_baocao.obj
d:\doan\hdt\hdt\oop\x64\debug\thoigian.obj
d:\doan\hdt\hdt\oop\x64\debug\thexebixoa.obj
d:\doan\hdt\hdt\oop\x64\debug\themthexe.obj
d:\doan\hdt\hdt\oop\x64\debug\suco.obj
d:\doan\hdt\hdt\oop\x64\debug\stdafx.obj
d:\doan\hdt\hdt\x64\debug\oop.exe
d:\doan\hdt\hdt\x64\debug\oop.ilk
d:\doan\hdt\hdt\x64\debug\oop.pdb
d:\doan\hdt\hdt\oop\x64\debug\oop.tlog\cl.command.1.tlog
d:\doan\hdt\hdt\oop\x64\debug\oop.tlog\cl.read.1.tlog
d:\doan\hdt\hdt\oop\x64\debug\oop.tlog\cl.write.1.tlog
d:\doan\hdt\hdt\oop\x64\debug\oop.tlog\link.command.1.tlog
d:\doan\hdt\hdt\oop\x64\debug\oop.tlog\link.read.1.tlog
d:\doan\hdt\hdt\oop\x64\debug\oop.tlog\link.write.1.tlog
